# JRE version: Java(TM) SE Runtime Environment (8.0_31-b13) (build 1.8.0_31-b13)
# Java VM: Java HotSpot(TM) 64-Bit Server VM (25.31-b07 mixed mode bsd-amd64 compressed oops)
Heap:
 PSYoungGen      total 272896K, used 160419K [0x000000076ab00000, 0x000000077c800000, 0x00000007c0000000)
  eden space 260096K, 61% used [0x000000076ab00000,0x00000007747a8eb8,0x000000077a900000)
  from space 12800K, 0% used [0x000000077b780000,0x000000077b780000,0x000000077c400000)
  to   space 14848K, 0% used [0x000000077a900000,0x000000077a900000,0x000000077b780000)
 ParOldGen       total 96768K, used 11472K [0x00000006c0000000, 0x00000006c5e80000, 0x000000076ab00000)
  object space 96768K, 11% used [0x00000006c0000000,0x00000006c0b343f8,0x00000006c5e80000)
 Metaspace       used 31086K, capacity 31452K, committed 31792K, reserved 1077248K
  class space    used 3777K, capacity 3873K, committed 3888K, reserved 1048576K
GC Heap History (10 events):
Event: 1.331 GC heap before
{Heap before GC invocations=3 (full 0):
 PSYoungGen      total 76288K, used 69757K [0x000000076ab00000, 0x0000000770000000, 0x00000007c0000000)
  eden space 65536K, 100% used [0x000000076ab00000,0x000000076eb00000,0x000000076eb00000)
  from space 10752K, 39% used [0x000000076f580000,0x000000076f99f438,0x0000000770000000)
  to   space 10752K, 0% used [0x000000076eb00000,0x000000076eb00000,0x000000076f580000)
 ParOldGen       total 175104K, used 24K [0x00000006c0000000, 0x00000006cab00000, 0x000000076ab00000)
  object space 175104K, 0% used [0x00000006c0000000,0x00000006c0006000,0x00000006cab00000)
 Metaspace       used 10318K, capacity 10440K, committed 10496K, reserved 1058816K
  class space    used 1246K, capacity 1274K, committed 1280K, reserved 1048576K
Event: 1.334 GC heap after
Heap after GC invocations=3 (full 0):
 PSYoungGen      total 76288K, used 3337K [0x000000076ab00000, 0x0000000774000000, 0x00000007c0000000)
  eden space 65536K, 0% used [0x000000076ab00000,0x000000076ab00000,0x000000076eb00000)
  from space 10752K, 31% used [0x000000076eb00000,0x000000076ee427b0,0x000000076f580000)
  to   space 10752K, 0% used [0x0000000773580000,0x0000000773580000,0x0000000774000000)
 ParOldGen       total 175104K, used 32K [0x00000006c0000000, 0x00000006cab00000, 0x000000076ab00000)
  object space 175104K, 0% used [0x00000006c0000000,0x00000006c0008000,0x00000006cab00000)
 Metaspace       used 10318K, capacity 10440K, committed 10496K, reserved 1058816K
  class space    used 1246K, capacity 1274K, committed 1280K, reserved 1048576K
}
Event: 1.687 GC heap before
{Heap before GC invocations=4 (full 0):
 PSYoungGen      total 76288K, used 68873K [0x000000076ab00000, 0x0000000774000000, 0x00000007c0000000)
  eden space 65536K, 100% used [0x000000076ab00000,0x000000076eb00000,0x000000076eb00000)
  from space 10752K, 31% used [0x000000076eb00000,0x000000076ee427b0,0x000000076f580000)
  to   space 10752K, 0% used [0x0000000773580000,0x0000000773580000,0x0000000774000000)
 ParOldGen       total 175104K, used 32K [0x00000006c0000000, 0x00000006cab00000, 0x000000076ab00000)
  object space 175104K, 0% used [0x00000006c0000000,0x00000006c0008000,0x00000006cab00000)
 Metaspace       used 12536K, capacity 12690K, committed 12928K, reserved 1060864K
  class space    used 1515K, capacity 1569K, committed 1664K, reserved 1048576K
Event: 1.692 GC heap after
Heap after GC invocations=4 (full 0):
 PSYoungGen      total 141824K, used 5391K [0x000000076ab00000, 0x0000000774000000, 0x00000007c0000000)
  eden space 131072K, 0% used [0x000000076ab00000,0x000000076ab00000,0x0000000772b00000)
  from space 10752K, 50% used [0x0000000773580000,0x0000000773ac3ca0,0x0000000774000000)
  to   space 10752K, 0% used [0x0000000772b00000,0x0000000772b00000,0x0000000773580000)
 ParOldGen       total 175104K, used 40K [0x00000006c0000000, 0x00000006cab00000, 0x000000076ab00000)
  object space 175104K, 0% used [0x00000006c0000000,0x00000006c000a000,0x00000006cab00000)
 Metaspace       used 12536K, capacity 12690K, committed 12928K, reserved 1060864K
  class space    used 1515K, capacity 1569K, committed 1664K, reserved 1048576K
}
Event: 2.614 GC heap before
{Heap before GC invocations=5 (full 0):
 PSYoungGen      total 141824K, used 136463K [0x000000076ab00000, 0x0000000774000000, 0x00000007c0000000)
  eden space 131072K, 100% used [0x000000076ab00000,0x0000000772b00000,0x0000000772b00000)
  from space 10752K, 50% used [0x0000000773580000,0x0000000773ac3ca0,0x0000000774000000)
  to   space 10752K, 0% used [0x0000000772b00000,0x0000000772b00000,0x0000000773580000)
 ParOldGen       total 175104K, used 40K [0x00000006c0000000, 0x00000006cab00000, 0x000000076ab00000)
  object space 175104K, 0% used [0x00000006c0000000,0x00000006c000a000,0x00000006cab00000)
 Metaspace       used 20756K, capacity 20886K, committed 20992K, reserved 1067008K
  class space    used 2508K, capacity 2551K, committed 2560K, reserved 1048576K
Event: 2.627 GC heap after
Heap after GC invocations=5 (full 0):
 PSYoungGen      total 141824K, used 10740K [0x000000076ab00000, 0x000000077c400000, 0x00000007c0000000)
  eden space 131072K, 0% used [0x000000076ab00000,0x000000076ab00000,0x0000000772b00000)
  from space 10752K, 99% used [0x0000000772b00000,0x000000077357d3e0,0x0000000773580000)
  to   space 12800K, 0% used [0x000000077b780000,0x000000077b780000,0x000000077c400000)
 ParOldGen       total 175104K, used 3823K [0x00000006c0000000, 0x00000006cab00000, 0x000000076ab00000)
  object space 175104K, 2% used [0x00000006c0000000,0x00000006c03bbc08,0x00000006cab00000)
 Metaspace       used 20756K, capacity 20886K, committed 20992K, reserved 1067008K
  class space    used 2508K, capacity 2551K, committed 2560K, reserved 1048576K
}
Event: 2.681 GC heap before
{Heap before GC invocations=6 (full 0):
 PSYoungGen      total 141824K, used 23145K [0x000000076ab00000, 0x000000077c400000, 0x00000007c0000000)
  eden space 131072K, 9% used [0x000000076ab00000,0x000000076b71d198,0x0000000772b00000)
  from space 10752K, 99% used [0x0000000772b00000,0x000000077357d3e0,0x0000000773580000)
  to   space 12800K, 0% used [0x000000077b780000,0x000000077b780000,0x000000077c400000)
 ParOldGen       total 175104K, used 3823K [0x00000006c0000000, 0x00000006cab00000, 0x000000076ab00000)
  object space 175104K, 2% used [0x00000006c0000000,0x00000006c03bbc08,0x00000006cab00000)
 Metaspace       used 20990K, capacity 21174K, committed 21296K, reserved 1069056K
  class space    used 2528K, capacity 2583K, committed 2608K, reserved 1048576K
Event: 2.690 GC heap after
Heap after GC invocations=6 (full 0):
 PSYoungGen      total 272896K, used 11310K [0x000000076ab00000, 0x000000077c800000, 0x00000007c0000000)
  eden space 260096K, 0% used [0x000000076ab00000,0x000000076ab00000,0x000000077a900000)
  from space 12800K, 88% used [0x000000077b780000,0x000000077c28bb88,0x000000077c400000)
  to   space 14848K, 0% used [0x000000077a900000,0x000000077a900000,0x000000077b780000)
 ParOldGen       total 175104K, used 3831K [0x00000006c0000000, 0x00000006cab00000, 0x000000076ab00000)
  object space 175104K, 2% used [0x00000006c0000000,0x00000006c03bdc08,0x00000006cab00000)
 Metaspace       used 20990K, capacity 21174K, committed 21296K, reserved 1069056K
  class space    used 2528K, capacity 2583K, committed 2608K, reserved 1048576K
}
Event: 2.690 GC heap before
{Heap before GC invocations=7 (full 1):
 PSYoungGen      total 272896K, used 11310K [0x000000076ab00000, 0x000000077c800000, 0x00000007c0000000)
  eden space 260096K, 0% used [0x000000076ab00000,0x000000076ab00000,0x000000077a900000)
  from space 12800K, 88% used [0x000000077b780000,0x000000077c28bb88,0x000000077c400000)
  to   space 14848K, 0% used [0x000000077a900000,0x000000077a900000,0x000000077b780000)
 ParOldGen       total 175104K, used 3831K [0x00000006c0000000, 0x00000006cab00000, 0x000000076ab00000)
  object space 175104K, 2% used [0x00000006c0000000,0x00000006c03bdc08,0x00000006cab00000)
 Metaspace       used 20990K, capacity 21174K, committed 21296K, reserved 1069056K
  class space    used 2528K, capacity 2583K, committed 2608K, reserved 1048576K
Event: 2.729 GC heap after
Heap after GC invocations=7 (full 1):
 PSYoungGen      total 272896K, used 0K [0x000000076ab00000, 0x000000077c800000, 0x00000007c0000000)
  eden space 260096K, 0% used [0x000000076ab00000,0x000000076ab00000,0x000000077a900000)
  from space 12800K, 0% used [0x000000077b780000,0x000000077b780000,0x000000077c400000)
  to   space 14848K, 0% used [0x000000077a900000,0x000000077a900000,0x000000077b780000)
 ParOldGen       total 96768K, used 11472K [0x00000006c0000000, 0x00000006c5e80000, 0x000000076ab00000)
  object space 96768K, 11% used [0x00000006c0000000,0x00000006c0b343f8,0x00000006c5e80000)
 Metaspace       used 20990K, capacity 21174K, committed 21296K, reserved 1069056K
  class space    used 2528K, capacity 2583K, committed 2608K, reserved 1048576K
}

